<?xml version="1.0" encoding="UTF-8"?>
<!-- Generated by org.testng.reporters.JUnitReportReporter -->
<testsuite skipped="0" hostname="Surajs-MacBook-Pro.local" name="com.qa.hubspot.tests.LoginPageTest" tests="3" failures="0" timestamp="21 Jun 2020 13:35:58 GMT" time="28.061" errors="0">
  <testcase name="verifySignUpLinkTest" time="10.127" classname="com.qa.hubspot.tests.LoginPageTest"/>
  <testcase name="verifyLoginPageTitleTest" time="5.020" classname="com.qa.hubspot.tests.LoginPageTest"/>
  <testcase name="loginTest" time="12.914" classname="com.qa.hubspot.tests.LoginPageTest"/>
</testsuite> <!-- com.qa.hubspot.tests.LoginPageTest -->
