<?xml version="1.0" encoding="UTF-8"?>
<!-- Generated by org.testng.reporters.JUnitReportReporter -->
<testsuite skipped="0" hostname="Surajs-MacBook-Pro.local" name="com.qa.hubspot.tests.SeleniumDataBaseTest" tests="2" failures="0" timestamp="29 Jun 2020 16:12:05 GMT" time="15.298" errors="0">
  <testcase name="testVerifySpecificRecord" time="10.285" classname="com.qa.hubspot.tests.SeleniumDataBaseTest"/>
  <testcase name="testVerifyListOfRecords" time="5.013" classname="com.qa.hubspot.tests.SeleniumDataBaseTest"/>
</testsuite> <!-- com.qa.hubspot.tests.SeleniumDataBaseTest -->
